<?xml version="1.0" encoding="UTF-8"?>
<testng-results ignored="0" total="2" passed="2" failed="0" skipped="0">
  <reporter-output>
  </reporter-output>
  <suite started-at="2022-10-08T17:48:00 IST" name="Default suite" finished-at="2022-10-08T17:48:00 IST" duration-ms="42">
    <groups>
    </groups>
    <test started-at="2022-10-08T17:48:00 IST" name="Default test" finished-at="2022-10-08T17:48:00 IST" duration-ms="42">
      <class name="APITest.Api_Testing.Sample">
        <test-method signature="getData(java.lang.String,java.lang.String)[pri:0, instance:APITest.Api_Testing.Sample@2ea227af]" started-at="2022-10-08T17:48:00 IST" name="getData" data-provider="GetName" finished-at="2022-10-08T17:48:00 IST" duration-ms="5" status="PASS">
          <params>
            <param index="0">
              <value>
                <![CDATA[Arun]]>
              </value>
            </param>
            <param index="1">
              <value>
                <![CDATA[1234]]>
              </value>
            </param>
          </params>
          <reporter-output>
          </reporter-output>
        </test-method> <!-- getData -->
        <test-method signature="getData(java.lang.String,java.lang.String)[pri:0, instance:APITest.Api_Testing.Sample@2ea227af]" started-at="2022-10-08T17:48:00 IST" name="getData" data-provider="GetName" finished-at="2022-10-08T17:48:00 IST" duration-ms="0" status="PASS">
          <params>
            <param index="0">
              <value>
                <![CDATA[Venkatesh]]>
              </value>
            </param>
            <param index="1">
              <value>
                <![CDATA[12345]]>
              </value>
            </param>
          </params>
          <reporter-output>
          </reporter-output>
        </test-method> <!-- getData -->
      </class> <!-- APITest.Api_Testing.Sample -->
    </test> <!-- Default test -->
  </suite> <!-- Default suite -->
</testng-results>
